2025-05-03 17:04:20.795 [ERROR]: NotFoundError: Trading account with id 212491363 not found. Request URL: https://mt-provisioning-api-v1.agiliumtrade.agiliumtrade.ai/users/current/accounts/212491363
    at HttpClient._convertError (D:\trade\node_modules\metaapi.cloud-sdk\dist\clients\httpClient.js:123:24)
    at HttpClient._handleError (D:\trade\node_modules\metaapi.cloud-sdk\dist\clients\httpClient.js:86:28)
    at HttpClient.request (D:\trade\node_modules\metaapi.cloud-sdk\dist\clients\httpClient.js:55:39)
    at process.processTicksAndRejections (node:internal/process/task_queues:105:5)
    at async MetatraderAccountApi.getAccount (D:\trade\node_modules\metaapi.cloud-sdk\dist\metaApi\metatraderAccountApi.js:45:23)
    at async MTService.connect (D:\trade\services\mtService.js:20:23)
    at async AccountService.getOrders (D:\trade\services\accountService.js:63:26)
    at async Promise.all (index 2)
    at async AccountService.getCompleteAccountData (D:\trade\services\accountService.js:89:48)
    at async exports.getAccountData (D:\trade\controller\tradingview.controller.js:46:18)
2025-05-03 17:04:20.797 [ERROR]: Error: Failed to connect to MT account: Trading account with id 212491363 not found. Request URL: https://mt-provisioning-api-v1.agiliumtrade.agiliumtrade.ai/users/current/accounts/212491363
    at MTService.connect (D:\trade\services\mtService.js:32:13)
    at process.processTicksAndRejections (node:internal/process/task_queues:105:5)
    at async AccountService.getOrders (D:\trade\services\accountService.js:63:26)
    at async Promise.all (index 2)
    at async AccountService.getCompleteAccountData (D:\trade\services\accountService.js:89:48)
    at async exports.getAccountData (D:\trade\controller\tradingview.controller.js:46:18)
2025-05-03 17:04:20.799 [ERROR]: Error: Failed to connect to MT account: Trading account with id 212491363 not found. Request URL: https://mt-provisioning-api-v1.agiliumtrade.agiliumtrade.ai/users/current/accounts/212491363
    at MTService.connect (D:\trade\services\mtService.js:32:13)
    at process.processTicksAndRejections (node:internal/process/task_queues:105:5)
    at async AccountService.getOrders (D:\trade\services\accountService.js:63:26)
    at async Promise.all (index 2)
    at async AccountService.getCompleteAccountData (D:\trade\services\accountService.js:89:48)
    at async exports.getAccountData (D:\trade\controller\tradingview.controller.js:46:18)
2025-05-03 17:04:20.810 [ERROR]: NotFoundError: Trading account with id 212491363 not found. Request URL: https://mt-provisioning-api-v1.agiliumtrade.agiliumtrade.ai/users/current/accounts/212491363
    at HttpClient._convertError (D:\trade\node_modules\metaapi.cloud-sdk\dist\clients\httpClient.js:123:24)
    at HttpClient._handleError (D:\trade\node_modules\metaapi.cloud-sdk\dist\clients\httpClient.js:86:28)
    at HttpClient.request (D:\trade\node_modules\metaapi.cloud-sdk\dist\clients\httpClient.js:55:39)
    at process.processTicksAndRejections (node:internal/process/task_queues:105:5)
    at async MetatraderAccountApi.getAccount (D:\trade\node_modules\metaapi.cloud-sdk\dist\metaApi\metatraderAccountApi.js:45:23)
    at async MTService.connect (D:\trade\services\mtService.js:20:23)
    at async AccountService.getPositions (D:\trade\services\accountService.js:36:26)
    at async Promise.all (index 1)
2025-05-03 17:04:20.814 [ERROR]: Error: Failed to connect to MT account: Trading account with id 212491363 not found. Request URL: https://mt-provisioning-api-v1.agiliumtrade.agiliumtrade.ai/users/current/accounts/212491363
    at MTService.connect (D:\trade\services\mtService.js:32:13)
    at process.processTicksAndRejections (node:internal/process/task_queues:105:5)
    at async AccountService.getPositions (D:\trade\services\accountService.js:36:26)
    at async Promise.all (index 1)
2025-05-03 17:04:20.821 [ERROR]: NotFoundError: Trading account with id 212491363 not found. Request URL: https://mt-provisioning-api-v1.agiliumtrade.agiliumtrade.ai/users/current/accounts/212491363
    at HttpClient._convertError (D:\trade\node_modules\metaapi.cloud-sdk\dist\clients\httpClient.js:123:24)
    at HttpClient._handleError (D:\trade\node_modules\metaapi.cloud-sdk\dist\clients\httpClient.js:86:28)
    at HttpClient.request (D:\trade\node_modules\metaapi.cloud-sdk\dist\clients\httpClient.js:55:39)
    at process.processTicksAndRejections (node:internal/process/task_queues:105:5)
    at async MetatraderAccountApi.getAccount (D:\trade\node_modules\metaapi.cloud-sdk\dist\metaApi\metatraderAccountApi.js:45:23)
    at async MTService.connect (D:\trade\services\mtService.js:20:23)
    at async AccountService.getAccountInfo (D:\trade\services\accountService.js:12:26)
    at async Promise.all (index 0)
2025-05-03 17:04:20.824 [ERROR]: Error: Failed to connect to MT account: Trading account with id 212491363 not found. Request URL: https://mt-provisioning-api-v1.agiliumtrade.agiliumtrade.ai/users/current/accounts/212491363
    at MTService.connect (D:\trade\services\mtService.js:32:13)
    at process.processTicksAndRejections (node:internal/process/task_queues:105:5)
    at async AccountService.getAccountInfo (D:\trade\services\accountService.js:12:26)
    at async Promise.all (index 0)
2025-05-05 09:17:55.767 [ERROR]: ValidationError: It seems like you are trying to subscribe to an account, however you have no accounts deployed yet. Please deploy an account first
    at MetaApiWebsocketClient._convertError (D:\trade\node_modules\metaapi.cloud-sdk\dist\clients\metaApi\metaApiWebsocket.client.js:1435:20)
    at Socket.<anonymous> (D:\trade\node_modules\metaapi.cloud-sdk\dist\clients\metaApi\metaApiWebsocket.client.js:366:40)
    at Emitter.emit (D:\trade\node_modules\component-emitter\index.js:145:20)
    at Socket.onevent (D:\trade\node_modules\socket.io-client\lib\socket.js:278:10)
    at Socket.onpacket (D:\trade\node_modules\socket.io-client\lib\socket.js:236:12)
    at Manager.<anonymous> (D:\trade\node_modules\component-bind\index.js:21:15)
    at Emitter.emit (D:\trade\node_modules\component-emitter\index.js:145:20)
    at Manager.ondecoded (D:\trade\node_modules\socket.io-client\lib\manager.js:349:8)
    at Decoder.<anonymous> (D:\trade\node_modules\component-bind\index.js:21:15)
    at Emitter.emit (D:\trade\node_modules\component-emitter\index.js:145:20)
2025-05-05 09:17:55.783 [ERROR]: ValidationError: It seems like you are trying to subscribe to an account, however you have no accounts deployed yet. Please deploy an account first
    at MetaApiWebsocketClient._convertError (D:\trade\node_modules\metaapi.cloud-sdk\dist\clients\metaApi\metaApiWebsocket.client.js:1435:20)
    at Socket.<anonymous> (D:\trade\node_modules\metaapi.cloud-sdk\dist\clients\metaApi\metaApiWebsocket.client.js:366:40)
    at Emitter.emit (D:\trade\node_modules\component-emitter\index.js:145:20)
    at Socket.onevent (D:\trade\node_modules\socket.io-client\lib\socket.js:278:10)
    at Socket.onpacket (D:\trade\node_modules\socket.io-client\lib\socket.js:236:12)
    at Manager.<anonymous> (D:\trade\node_modules\component-bind\index.js:21:15)
    at Emitter.emit (D:\trade\node_modules\component-emitter\index.js:145:20)
    at Manager.ondecoded (D:\trade\node_modules\socket.io-client\lib\manager.js:349:8)
    at Decoder.<anonymous> (D:\trade\node_modules\component-bind\index.js:21:15)
    at Emitter.emit (D:\trade\node_modules\component-emitter\index.js:145:20)
2025-05-05 09:17:59.384 [ERROR]: ValidationError: It seems like you are trying to subscribe to an account, however you have no accounts deployed yet. Please deploy an account first
    at MetaApiWebsocketClient._convertError (D:\trade\node_modules\metaapi.cloud-sdk\dist\clients\metaApi\metaApiWebsocket.client.js:1435:20)
    at Socket.<anonymous> (D:\trade\node_modules\metaapi.cloud-sdk\dist\clients\metaApi\metaApiWebsocket.client.js:366:40)
    at Emitter.emit (D:\trade\node_modules\component-emitter\index.js:145:20)
    at Socket.onevent (D:\trade\node_modules\socket.io-client\lib\socket.js:278:10)
    at Socket.onpacket (D:\trade\node_modules\socket.io-client\lib\socket.js:236:12)
    at Manager.<anonymous> (D:\trade\node_modules\component-bind\index.js:21:15)
    at Emitter.emit (D:\trade\node_modules\component-emitter\index.js:145:20)
    at Manager.ondecoded (D:\trade\node_modules\socket.io-client\lib\manager.js:349:8)
    at Decoder.<anonymous> (D:\trade\node_modules\component-bind\index.js:21:15)
    at Emitter.emit (D:\trade\node_modules\component-emitter\index.js:145:20)
2025-05-05 09:17:59.404 [ERROR]: ValidationError: It seems like you are trying to subscribe to an account, however you have no accounts deployed yet. Please deploy an account first
    at MetaApiWebsocketClient._convertError (D:\trade\node_modules\metaapi.cloud-sdk\dist\clients\metaApi\metaApiWebsocket.client.js:1435:20)
    at Socket.<anonymous> (D:\trade\node_modules\metaapi.cloud-sdk\dist\clients\metaApi\metaApiWebsocket.client.js:366:40)
    at Emitter.emit (D:\trade\node_modules\component-emitter\index.js:145:20)
    at Socket.onevent (D:\trade\node_modules\socket.io-client\lib\socket.js:278:10)
    at Socket.onpacket (D:\trade\node_modules\socket.io-client\lib\socket.js:236:12)
    at Manager.<anonymous> (D:\trade\node_modules\component-bind\index.js:21:15)
    at Emitter.emit (D:\trade\node_modules\component-emitter\index.js:145:20)
    at Manager.ondecoded (D:\trade\node_modules\socket.io-client\lib\manager.js:349:8)
    at Decoder.<anonymous> (D:\trade\node_modules\component-bind\index.js:21:15)
    at Emitter.emit (D:\trade\node_modules\component-emitter\index.js:145:20)
2025-05-05 09:18:06.002 [ERROR]: ValidationError: It seems like you are trying to subscribe to an account, however you have no accounts deployed yet. Please deploy an account first
    at MetaApiWebsocketClient._convertError (D:\trade\node_modules\metaapi.cloud-sdk\dist\clients\metaApi\metaApiWebsocket.client.js:1435:20)
    at Socket.<anonymous> (D:\trade\node_modules\metaapi.cloud-sdk\dist\clients\metaApi\metaApiWebsocket.client.js:366:40)
    at Emitter.emit (D:\trade\node_modules\component-emitter\index.js:145:20)
    at Socket.onevent (D:\trade\node_modules\socket.io-client\lib\socket.js:278:10)
    at Socket.onpacket (D:\trade\node_modules\socket.io-client\lib\socket.js:236:12)
    at Manager.<anonymous> (D:\trade\node_modules\component-bind\index.js:21:15)
    at Emitter.emit (D:\trade\node_modules\component-emitter\index.js:145:20)
    at Manager.ondecoded (D:\trade\node_modules\socket.io-client\lib\manager.js:349:8)
    at Decoder.<anonymous> (D:\trade\node_modules\component-bind\index.js:21:15)
    at Emitter.emit (D:\trade\node_modules\component-emitter\index.js:145:20)
2025-05-05 09:18:06.005 [ERROR]: ValidationError: It seems like you are trying to subscribe to an account, however you have no accounts deployed yet. Please deploy an account first
    at MetaApiWebsocketClient._convertError (D:\trade\node_modules\metaapi.cloud-sdk\dist\clients\metaApi\metaApiWebsocket.client.js:1435:20)
    at Socket.<anonymous> (D:\trade\node_modules\metaapi.cloud-sdk\dist\clients\metaApi\metaApiWebsocket.client.js:366:40)
    at Emitter.emit (D:\trade\node_modules\component-emitter\index.js:145:20)
    at Socket.onevent (D:\trade\node_modules\socket.io-client\lib\socket.js:278:10)
    at Socket.onpacket (D:\trade\node_modules\socket.io-client\lib\socket.js:236:12)
    at Manager.<anonymous> (D:\trade\node_modules\component-bind\index.js:21:15)
    at Emitter.emit (D:\trade\node_modules\component-emitter\index.js:145:20)
    at Manager.ondecoded (D:\trade\node_modules\socket.io-client\lib\manager.js:349:8)
    at Decoder.<anonymous> (D:\trade\node_modules\component-bind\index.js:21:15)
    at Emitter.emit (D:\trade\node_modules\component-emitter\index.js:145:20)
2025-05-05 09:18:18.594 [ERROR]: ValidationError: It seems like you are trying to subscribe to an account, however you have no accounts deployed yet. Please deploy an account first
    at MetaApiWebsocketClient._convertError (D:\trade\node_modules\metaapi.cloud-sdk\dist\clients\metaApi\metaApiWebsocket.client.js:1435:20)
    at Socket.<anonymous> (D:\trade\node_modules\metaapi.cloud-sdk\dist\clients\metaApi\metaApiWebsocket.client.js:366:40)
    at Emitter.emit (D:\trade\node_modules\component-emitter\index.js:145:20)
    at Socket.onevent (D:\trade\node_modules\socket.io-client\lib\socket.js:278:10)
    at Socket.onpacket (D:\trade\node_modules\socket.io-client\lib\socket.js:236:12)
    at Manager.<anonymous> (D:\trade\node_modules\component-bind\index.js:21:15)
    at Emitter.emit (D:\trade\node_modules\component-emitter\index.js:145:20)
    at Manager.ondecoded (D:\trade\node_modules\socket.io-client\lib\manager.js:349:8)
    at Decoder.<anonymous> (D:\trade\node_modules\component-bind\index.js:21:15)
    at Emitter.emit (D:\trade\node_modules\component-emitter\index.js:145:20)
2025-05-05 09:18:18.634 [ERROR]: ValidationError: It seems like you are trying to subscribe to an account, however you have no accounts deployed yet. Please deploy an account first
    at MetaApiWebsocketClient._convertError (D:\trade\node_modules\metaapi.cloud-sdk\dist\clients\metaApi\metaApiWebsocket.client.js:1435:20)
    at Socket.<anonymous> (D:\trade\node_modules\metaapi.cloud-sdk\dist\clients\metaApi\metaApiWebsocket.client.js:366:40)
    at Emitter.emit (D:\trade\node_modules\component-emitter\index.js:145:20)
    at Socket.onevent (D:\trade\node_modules\socket.io-client\lib\socket.js:278:10)
    at Socket.onpacket (D:\trade\node_modules\socket.io-client\lib\socket.js:236:12)
    at Manager.<anonymous> (D:\trade\node_modules\component-bind\index.js:21:15)
    at Emitter.emit (D:\trade\node_modules\component-emitter\index.js:145:20)
    at Manager.ondecoded (D:\trade\node_modules\socket.io-client\lib\manager.js:349:8)
    at Decoder.<anonymous> (D:\trade\node_modules\component-bind\index.js:21:15)
    at Emitter.emit (D:\trade\node_modules\component-emitter\index.js:145:20)
2025-05-05 09:18:43.177 [ERROR]: ValidationError: It seems like you are trying to subscribe to an account, however you have no accounts deployed yet. Please deploy an account first
    at MetaApiWebsocketClient._convertError (D:\trade\node_modules\metaapi.cloud-sdk\dist\clients\metaApi\metaApiWebsocket.client.js:1435:20)
    at Socket.<anonymous> (D:\trade\node_modules\metaapi.cloud-sdk\dist\clients\metaApi\metaApiWebsocket.client.js:366:40)
    at Emitter.emit (D:\trade\node_modules\component-emitter\index.js:145:20)
    at Socket.onevent (D:\trade\node_modules\socket.io-client\lib\socket.js:278:10)
    at Socket.onpacket (D:\trade\node_modules\socket.io-client\lib\socket.js:236:12)
    at Manager.<anonymous> (D:\trade\node_modules\component-bind\index.js:21:15)
    at Emitter.emit (D:\trade\node_modules\component-emitter\index.js:145:20)
    at Manager.ondecoded (D:\trade\node_modules\socket.io-client\lib\manager.js:349:8)
    at Decoder.<anonymous> (D:\trade\node_modules\component-bind\index.js:21:15)
    at Emitter.emit (D:\trade\node_modules\component-emitter\index.js:145:20)
2025-05-05 09:18:43.225 [ERROR]: ValidationError: It seems like you are trying to subscribe to an account, however you have no accounts deployed yet. Please deploy an account first
    at MetaApiWebsocketClient._convertError (D:\trade\node_modules\metaapi.cloud-sdk\dist\clients\metaApi\metaApiWebsocket.client.js:1435:20)
    at Socket.<anonymous> (D:\trade\node_modules\metaapi.cloud-sdk\dist\clients\metaApi\metaApiWebsocket.client.js:366:40)
    at Emitter.emit (D:\trade\node_modules\component-emitter\index.js:145:20)
    at Socket.onevent (D:\trade\node_modules\socket.io-client\lib\socket.js:278:10)
    at Socket.onpacket (D:\trade\node_modules\socket.io-client\lib\socket.js:236:12)
    at Manager.<anonymous> (D:\trade\node_modules\component-bind\index.js:21:15)
    at Emitter.emit (D:\trade\node_modules\component-emitter\index.js:145:20)
    at Manager.ondecoded (D:\trade\node_modules\socket.io-client\lib\manager.js:349:8)
    at Decoder.<anonymous> (D:\trade\node_modules\component-bind\index.js:21:15)
    at Emitter.emit (D:\trade\node_modules\component-emitter\index.js:145:20)
2025-05-05 09:19:31.795 [ERROR]: ValidationError: It seems like you are trying to subscribe to an account, however you have no accounts deployed yet. Please deploy an account first
    at MetaApiWebsocketClient._convertError (D:\trade\node_modules\metaapi.cloud-sdk\dist\clients\metaApi\metaApiWebsocket.client.js:1435:20)
    at Socket.<anonymous> (D:\trade\node_modules\metaapi.cloud-sdk\dist\clients\metaApi\metaApiWebsocket.client.js:366:40)
    at Emitter.emit (D:\trade\node_modules\component-emitter\index.js:145:20)
    at Socket.onevent (D:\trade\node_modules\socket.io-client\lib\socket.js:278:10)
    at Socket.onpacket (D:\trade\node_modules\socket.io-client\lib\socket.js:236:12)
    at Manager.<anonymous> (D:\trade\node_modules\component-bind\index.js:21:15)
    at Emitter.emit (D:\trade\node_modules\component-emitter\index.js:145:20)
    at Manager.ondecoded (D:\trade\node_modules\socket.io-client\lib\manager.js:349:8)
    at Decoder.<anonymous> (D:\trade\node_modules\component-bind\index.js:21:15)
    at Emitter.emit (D:\trade\node_modules\component-emitter\index.js:145:20)
2025-05-05 09:19:31.805 [ERROR]: ValidationError: It seems like you are trying to subscribe to an account, however you have no accounts deployed yet. Please deploy an account first
    at MetaApiWebsocketClient._convertError (D:\trade\node_modules\metaapi.cloud-sdk\dist\clients\metaApi\metaApiWebsocket.client.js:1435:20)
    at Socket.<anonymous> (D:\trade\node_modules\metaapi.cloud-sdk\dist\clients\metaApi\metaApiWebsocket.client.js:366:40)
    at Emitter.emit (D:\trade\node_modules\component-emitter\index.js:145:20)
    at Socket.onevent (D:\trade\node_modules\socket.io-client\lib\socket.js:278:10)
    at Socket.onpacket (D:\trade\node_modules\socket.io-client\lib\socket.js:236:12)
    at Manager.<anonymous> (D:\trade\node_modules\component-bind\index.js:21:15)
    at Emitter.emit (D:\trade\node_modules\component-emitter\index.js:145:20)
    at Manager.ondecoded (D:\trade\node_modules\socket.io-client\lib\manager.js:349:8)
    at Decoder.<anonymous> (D:\trade\node_modules\component-bind\index.js:21:15)
    at Emitter.emit (D:\trade\node_modules\component-emitter\index.js:145:20)
2025-05-05 09:21:08.394 [ERROR]: ValidationError: It seems like you are trying to subscribe to an account, however you have no accounts deployed yet. Please deploy an account first
    at MetaApiWebsocketClient._convertError (D:\trade\node_modules\metaapi.cloud-sdk\dist\clients\metaApi\metaApiWebsocket.client.js:1435:20)
    at Socket.<anonymous> (D:\trade\node_modules\metaapi.cloud-sdk\dist\clients\metaApi\metaApiWebsocket.client.js:366:40)
    at Emitter.emit (D:\trade\node_modules\component-emitter\index.js:145:20)
    at Socket.onevent (D:\trade\node_modules\socket.io-client\lib\socket.js:278:10)
    at Socket.onpacket (D:\trade\node_modules\socket.io-client\lib\socket.js:236:12)
    at Manager.<anonymous> (D:\trade\node_modules\component-bind\index.js:21:15)
    at Emitter.emit (D:\trade\node_modules\component-emitter\index.js:145:20)
    at Manager.ondecoded (D:\trade\node_modules\socket.io-client\lib\manager.js:349:8)
    at Decoder.<anonymous> (D:\trade\node_modules\component-bind\index.js:21:15)
    at Emitter.emit (D:\trade\node_modules\component-emitter\index.js:145:20)
2025-05-05 09:21:08.537 [ERROR]: ValidationError: It seems like you are trying to subscribe to an account, however you have no accounts deployed yet. Please deploy an account first
    at MetaApiWebsocketClient._convertError (D:\trade\node_modules\metaapi.cloud-sdk\dist\clients\metaApi\metaApiWebsocket.client.js:1435:20)
    at Socket.<anonymous> (D:\trade\node_modules\metaapi.cloud-sdk\dist\clients\metaApi\metaApiWebsocket.client.js:366:40)
    at Emitter.emit (D:\trade\node_modules\component-emitter\index.js:145:20)
    at Socket.onevent (D:\trade\node_modules\socket.io-client\lib\socket.js:278:10)
    at Socket.onpacket (D:\trade\node_modules\socket.io-client\lib\socket.js:236:12)
    at Manager.<anonymous> (D:\trade\node_modules\component-bind\index.js:21:15)
    at Emitter.emit (D:\trade\node_modules\component-emitter\index.js:145:20)
    at Manager.ondecoded (D:\trade\node_modules\socket.io-client\lib\manager.js:349:8)
    at Decoder.<anonymous> (D:\trade\node_modules\component-bind\index.js:21:15)
    at Emitter.emit (D:\trade\node_modules\component-emitter\index.js:145:20)
2025-05-05 09:22:54.005 [ERROR]: TimeoutError: Timed out waiting for MetaApi to synchronize to MetaTrader account 81f9214a-ea15-4db5-89f3-5e8a26522f5d
    at RpcMetaApiConnection.waitSynchronized (D:\trade\node_modules\metaapi.cloud-sdk\dist\metaApi\rpcMetaApiConnection.js:102:19)
    at runNextTicks (node:internal/process/task_queues:65:5)
    at listOnTimeout (node:internal/timers:555:9)
    at process.processTimers (node:internal/timers:529:7)
    at async MTService.connect (D:\trade\services\mtService.js:24:7)
    at async AccountService.getAccountInfo (D:\trade\services\accountService.js:12:26)
    at async Promise.all (index 0)
    at async AccountService.getCompleteAccountData (D:\trade\services\accountService.js:89:48)
    at async exports.getAccountData (D:\trade\controller\tradingview.controller.js:49:18)
2025-05-05 09:22:54.006 [ERROR]: Error: Failed to connect to MT account: Timed out waiting for MetaApi to synchronize to MetaTrader account 81f9214a-ea15-4db5-89f3-5e8a26522f5d
    at MTService.connect (D:\trade\services\mtService.js:32:13)
    at runNextTicks (node:internal/process/task_queues:65:5)
    at listOnTimeout (node:internal/timers:555:9)
    at process.processTimers (node:internal/timers:529:7)
    at async AccountService.getAccountInfo (D:\trade\services\accountService.js:12:26)
    at async Promise.all (index 0)
    at async AccountService.getCompleteAccountData (D:\trade\services\accountService.js:89:48)
    at async exports.getAccountData (D:\trade\controller\tradingview.controller.js:49:18)
2025-05-05 09:22:54.007 [ERROR]: Error: Failed to connect to MT account: Timed out waiting for MetaApi to synchronize to MetaTrader account 81f9214a-ea15-4db5-89f3-5e8a26522f5d
    at MTService.connect (D:\trade\services\mtService.js:32:13)
    at runNextTicks (node:internal/process/task_queues:65:5)
    at listOnTimeout (node:internal/timers:555:9)
    at process.processTimers (node:internal/timers:529:7)
    at async AccountService.getAccountInfo (D:\trade\services\accountService.js:12:26)
    at async Promise.all (index 0)
    at async AccountService.getCompleteAccountData (D:\trade\services\accountService.js:89:48)
    at async exports.getAccountData (D:\trade\controller\tradingview.controller.js:49:18)
2025-05-05 09:22:54.009 [ERROR]: TimeoutError: Timed out waiting for MetaApi to synchronize to MetaTrader account 81f9214a-ea15-4db5-89f3-5e8a26522f5d
    at RpcMetaApiConnection.waitSynchronized (D:\trade\node_modules\metaapi.cloud-sdk\dist\metaApi\rpcMetaApiConnection.js:102:19)
    at async MTService.connect (D:\trade\services\mtService.js:24:7)
    at async AccountService.getOrders (D:\trade\services\accountService.js:63:26)
    at async Promise.all (index 2)
2025-05-05 09:22:54.010 [ERROR]: Error: Failed to connect to MT account: Timed out waiting for MetaApi to synchronize to MetaTrader account 81f9214a-ea15-4db5-89f3-5e8a26522f5d
    at MTService.connect (D:\trade\services\mtService.js:32:13)
    at async AccountService.getOrders (D:\trade\services\accountService.js:63:26)
    at async Promise.all (index 2)
2025-05-05 09:22:54.074 [ERROR]: TimeoutError: Timed out waiting for MetaApi to synchronize to MetaTrader account 81f9214a-ea15-4db5-89f3-5e8a26522f5d
    at RpcMetaApiConnection.waitSynchronized (D:\trade\node_modules\metaapi.cloud-sdk\dist\metaApi\rpcMetaApiConnection.js:102:19)
    at async MTService.connect (D:\trade\services\mtService.js:24:7)
    at async AccountService.getPositions (D:\trade\services\accountService.js:36:26)
    at async Promise.all (index 1)
2025-05-05 09:22:54.075 [ERROR]: Error: Failed to connect to MT account: Timed out waiting for MetaApi to synchronize to MetaTrader account 81f9214a-ea15-4db5-89f3-5e8a26522f5d
    at MTService.connect (D:\trade\services\mtService.js:32:13)
    at async AccountService.getPositions (D:\trade\services\accountService.js:36:26)
    at async Promise.all (index 1)
2025-05-05 09:24:20.976 [ERROR]: ValidationError: It seems like you are trying to subscribe to an account, however you have no accounts deployed yet. Please deploy an account first
    at MetaApiWebsocketClient._convertError (D:\trade\node_modules\metaapi.cloud-sdk\dist\clients\metaApi\metaApiWebsocket.client.js:1435:20)
    at Socket.<anonymous> (D:\trade\node_modules\metaapi.cloud-sdk\dist\clients\metaApi\metaApiWebsocket.client.js:366:40)
    at Emitter.emit (D:\trade\node_modules\component-emitter\index.js:145:20)
    at Socket.onevent (D:\trade\node_modules\socket.io-client\lib\socket.js:278:10)
    at Socket.onpacket (D:\trade\node_modules\socket.io-client\lib\socket.js:236:12)
    at Manager.<anonymous> (D:\trade\node_modules\component-bind\index.js:21:15)
    at Emitter.emit (D:\trade\node_modules\component-emitter\index.js:145:20)
    at Manager.ondecoded (D:\trade\node_modules\socket.io-client\lib\manager.js:349:8)
    at Decoder.<anonymous> (D:\trade\node_modules\component-bind\index.js:21:15)
    at Emitter.emit (D:\trade\node_modules\component-emitter\index.js:145:20)
2025-05-05 09:24:21.132 [ERROR]: ValidationError: It seems like you are trying to subscribe to an account, however you have no accounts deployed yet. Please deploy an account first
    at MetaApiWebsocketClient._convertError (D:\trade\node_modules\metaapi.cloud-sdk\dist\clients\metaApi\metaApiWebsocket.client.js:1435:20)
    at Socket.<anonymous> (D:\trade\node_modules\metaapi.cloud-sdk\dist\clients\metaApi\metaApiWebsocket.client.js:366:40)
    at Emitter.emit (D:\trade\node_modules\component-emitter\index.js:145:20)
    at Socket.onevent (D:\trade\node_modules\socket.io-client\lib\socket.js:278:10)
    at Socket.onpacket (D:\trade\node_modules\socket.io-client\lib\socket.js:236:12)
    at Manager.<anonymous> (D:\trade\node_modules\component-bind\index.js:21:15)
    at Emitter.emit (D:\trade\node_modules\component-emitter\index.js:145:20)
    at Manager.ondecoded (D:\trade\node_modules\socket.io-client\lib\manager.js:349:8)
    at Decoder.<anonymous> (D:\trade\node_modules\component-bind\index.js:21:15)
    at Emitter.emit (D:\trade\node_modules\component-emitter\index.js:145:20)
2025-05-05 09:29:21.615 [ERROR]: ValidationError: It seems like you are trying to subscribe to an account, however you have no accounts deployed yet. Please deploy an account first
    at MetaApiWebsocketClient._convertError (D:\trade\node_modules\metaapi.cloud-sdk\dist\clients\metaApi\metaApiWebsocket.client.js:1435:20)
    at Socket.<anonymous> (D:\trade\node_modules\metaapi.cloud-sdk\dist\clients\metaApi\metaApiWebsocket.client.js:366:40)
    at Emitter.emit (D:\trade\node_modules\component-emitter\index.js:145:20)
    at Socket.onevent (D:\trade\node_modules\socket.io-client\lib\socket.js:278:10)
    at Socket.onpacket (D:\trade\node_modules\socket.io-client\lib\socket.js:236:12)
    at Manager.<anonymous> (D:\trade\node_modules\component-bind\index.js:21:15)
    at Emitter.emit (D:\trade\node_modules\component-emitter\index.js:145:20)
    at Manager.ondecoded (D:\trade\node_modules\socket.io-client\lib\manager.js:349:8)
    at Decoder.<anonymous> (D:\trade\node_modules\component-bind\index.js:21:15)
    at Emitter.emit (D:\trade\node_modules\component-emitter\index.js:145:20)
2025-05-05 09:29:21.731 [ERROR]: ValidationError: It seems like you are trying to subscribe to an account, however you have no accounts deployed yet. Please deploy an account first
    at MetaApiWebsocketClient._convertError (D:\trade\node_modules\metaapi.cloud-sdk\dist\clients\metaApi\metaApiWebsocket.client.js:1435:20)
    at Socket.<anonymous> (D:\trade\node_modules\metaapi.cloud-sdk\dist\clients\metaApi\metaApiWebsocket.client.js:366:40)
    at Emitter.emit (D:\trade\node_modules\component-emitter\index.js:145:20)
    at Socket.onevent (D:\trade\node_modules\socket.io-client\lib\socket.js:278:10)
    at Socket.onpacket (D:\trade\node_modules\socket.io-client\lib\socket.js:236:12)
    at Manager.<anonymous> (D:\trade\node_modules\component-bind\index.js:21:15)
    at Emitter.emit (D:\trade\node_modules\component-emitter\index.js:145:20)
    at Manager.ondecoded (D:\trade\node_modules\socket.io-client\lib\manager.js:349:8)
    at Decoder.<anonymous> (D:\trade\node_modules\component-bind\index.js:21:15)
    at Emitter.emit (D:\trade\node_modules\component-emitter\index.js:145:20)
